library                                  |  WARN  The field "pnpm.overrides" was found in /Users/robbie/programming/work/starter-update/library/package.json. This will not take effect. You should configure "pnpm.overrides" at the root of the workspace instead.
app/[[...slug]]/page.tsx(11,54): error TS2304: Cannot find name 'Page'.
app/[[...slug]]/page.tsx(14,29): error TS2304: Cannot find name 'Page'.
app/[[...slug]]/page.tsx(24,11): error TS2304: Cannot find name 'SampleSection'.
app/[[...slug]]/page.tsx(67,7): error TS2304: Cannot find name 'resolveOpenGraphImage'.
app/[[...slug]]/page.tsx(69,9): error TS2304: Cannot find name 'resolveOpenGraphImage'.
app/components/Footer.tsx(3,40): error TS2307: Cannot find module 'sanity.types' or its corresponding type declarations.
app/components/Header.tsx(6,40): error TS2307: Cannot find module 'sanity.types' or its corresponding type declarations.
app/components/Providers/index.tsx(3,22): error TS2307: Cannot find module '@userback/widget' or its corresponding type declarations.
app/visual-tests/auto-animate/page.tsx(5,10): error TS2305: Module '"library/styled/alpha"' has no exported member 'attrs'.
app/visual-tests/styled/page.tsx(10,3): error TS2305: Module '"library/styled/alpha"' has no exported member 'keyframes'.
app/visual-tests/styled/page.tsx(21,19): error TS2322: Type '{ children: string; boxColor: string; }' is not assignable to type 'IntrinsicAttributes & ((Omit<SVGProps<SVGSVGElement>, never> | Omit<SVGProps<SVGSymbolElement>, never> | ... 121 more ... | Omit<...>) & { ...; })'.
  Property 'boxColor' does not exist on type 'IntrinsicAttributes & ((Omit<SVGProps<SVGSVGElement>, never> | Omit<SVGProps<SVGSymbolElement>, never> | ... 121 more ... | Omit<...>) & { ...; })'.
app/visual-tests/styled/page.tsx(49,3): error TS2769: No overload matches this call.
  The last overload gave the following error.
    Object literal may only specify known properties, and 'variables' does not exist in type 'WithinRule | StyleRules[] | GenericConfig<never, never, never>'.
app/visual-tests/styled/playground/page.tsx(43,10): error TS2578: Unused '@ts-expect-error' directive.
app/visual-tests/styled/playground/page.tsx(46,10): error TS2578: Unused '@ts-expect-error' directive.
app/visual-tests/styled/playground/page.tsx(49,10): error TS2578: Unused '@ts-expect-error' directive.
library/Scroll.tsx(194,4): error TS2578: Unused '@ts-expect-error' directive.
library/styled/index.tsx(469,3): error TS2578: Unused '@ts-expect-error' directive.
